<?xml version="1.0" encoding="UTF-8"?>
<!-- Generated by org.testng.reporters.JUnitReportReporter -->
<testsuite hostname="DESKTOP-9V8SF87" failures="0" tests="1" name="Tests.TC05_CheckPageFilters" time="14.190" errors="0" timestamp="2025-06-15T20:47:43 CEST" skipped="0">
  <testcase classname="Tests.TC05_CheckPageFilters" name="testBorderColorAndChangeCriteria" time="14.190"/>
</testsuite> <!-- Tests.TC05_CheckPageFilters -->
