<?xml version="1.0" encoding="UTF-8"?>
<!-- Generated by org.testng.reporters.JUnitReportReporter -->
<testsuite hostname="DESKTOP-9V8SF87" failures="0" tests="1" name="Tests.TC07_ShoppingCart" time="25.139" errors="0" timestamp="2025-06-15T20:47:42 CEST" skipped="0">
  <testcase classname="Tests.TC07_ShoppingCart" name="addItemsToShoppingCart" time="25.139"/>
</testsuite> <!-- Tests.TC07_ShoppingCart -->
