<?xml version="1.0" encoding="UTF-8"?>
<!-- Generated by org.testng.reporters.JUnitReportReporter -->
<testsuite hostname="DESKTOP-9V8SF87" failures="0" tests="1" name="Tests.TC04_CheckSaleProductsStyle" time="10.970" errors="0" timestamp="2025-06-15T20:47:43 CEST" skipped="0">
  <testcase classname="Tests.TC04_CheckSaleProductsStyle" name="testProductsStyle" time="10.970"/>
</testsuite> <!-- Tests.TC04_CheckSaleProductsStyle -->
