<?xml version="1.0" encoding="UTF-8"?>
<!-- Generated by org.testng.reporters.JUnitReportReporter -->
<testsuite hostname="DESKTOP-9V8SF87" failures="0" tests="1" name="Tests.TC06_CheckSorting" time="22.325" errors="0" timestamp="2025-06-15T20:47:42 CEST" skipped="0">
  <testcase classname="Tests.TC06_CheckSorting" name="checkSortingAndWishListCount" time="22.325"/>
</testsuite> <!-- Tests.TC06_CheckSorting -->
