<?xml version="1.0" encoding="UTF-8"?>
<!-- Generated by org.testng.reporters.JUnitReportReporter -->
<testsuite hostname="DESKTOP-9V8SF87" failures="0" tests="1" name="Tests.TC03_CheckHoverStyle" time="11.326" errors="0" timestamp="2025-06-15T20:47:43 CEST" skipped="0">
  <testcase classname="Tests.TC03_CheckHoverStyle" name="testHoverEffect" time="11.326"/>
</testsuite> <!-- Tests.TC03_CheckHoverStyle -->
